2013.04.08 14:11 B E:\WEBPROJECT\antv2012\cms_live\cek.php --> www.an.tv /home/antv/www/cms cek.php
2013.04.08 14:11 B E:\WEBPROJECT\antv2012\cms_live\delete.php --> www.an.tv /home/antv/www/cms delete.php
2013.04.08 14:11 B E:\WEBPROJECT\antv2012\cms_live\download.php --> www.an.tv /home/antv/www/cms download.php
2013.04.08 14:11 B E:\WEBPROJECT\antv2012\cms_live\lesson3.php --> www.an.tv /home/antv/www/cms lesson3.php
2013.04.08 14:11 B E:\WEBPROJECT\antv2012\cms_live\lesson_submit3.php --> www.an.tv /home/antv/www/cms lesson_submit3.php
2013.04.08 14:11 B E:\WEBPROJECT\antv2012\cms_live\list.php --> www.an.tv /home/antv/www/cms list.php
2013.04.08 14:11 B E:\WEBPROJECT\antv2012\cms_live\login.php --> www.an.tv /home/antv/www/cms login.php
2013.04.08 14:11 B E:\WEBPROJECT\antv2012\cms_live\loginsubmit.php --> www.an.tv /home/antv/www/cms loginsubmit.php
2013.04.08 14:11 B E:\WEBPROJECT\antv2012\cms_live\logout.php --> www.an.tv /home/antv/www/cms logout.php
2013.04.08 14:11 B E:\WEBPROJECT\antv2012\cms_live\submit.php --> www.an.tv /home/antv/www/cms submit.php
2013.04.10 15:41 B E:\WEBPROJECT\antv2012\cms_live\antv.css --> www.an.tv /home/antv/www/cms antv.css
2013.04.10 15:41 B E:\WEBPROJECT\antv2012\cms_live\cek.php --> www.an.tv /home/antv/www/cms cek.php
2013.04.10 15:41 B E:\WEBPROJECT\antv2012\cms_live\delete.php --> www.an.tv /home/antv/www/cms delete.php
2013.04.10 15:41 B E:\WEBPROJECT\antv2012\cms_live\download.php --> www.an.tv /home/antv/www/cms download.php
2013.04.10 15:41 B E:\WEBPROJECT\antv2012\cms_live\index.php --> www.an.tv /home/antv/www/cms index.php
2013.04.10 15:41 B E:\WEBPROJECT\antv2012\cms_live\lesson3.php --> www.an.tv /home/antv/www/cms lesson3.php
2013.04.10 15:41 B E:\WEBPROJECT\antv2012\cms_live\lesson_submit3.php --> www.an.tv /home/antv/www/cms lesson_submit3.php
2013.04.10 15:41 B E:\WEBPROJECT\antv2012\cms_live\list.php --> www.an.tv /home/antv/www/cms list.php
2013.04.10 15:41 B E:\WEBPROJECT\antv2012\cms_live\login.php --> www.an.tv /home/antv/www/cms login.php
2013.04.10 15:42 B E:\WEBPROJECT\antv2012\cms_live\loginsubmit.php --> www.an.tv /home/antv/www/cms loginsubmit.php
2013.04.10 15:42 B E:\WEBPROJECT\antv2012\cms_live\logout.php --> www.an.tv /home/antv/www/cms logout.php
2013.04.10 15:42 B E:\WEBPROJECT\antv2012\cms_live\submit.php --> www.an.tv /home/antv/www/cms submit.php
